ISim log file
Running: /home/doolansr/Documents/CSSE232_GIT/CSSE232_processor/Components/work/mux16b4_mux16b4_sch_tb_isim_beh.exe -intstyle ise -gui -tclbatch isim.cmd -wdb /home/doolansr/Documents/CSSE232_GIT/CSSE232_processor/Components/work/mux16b4_mux16b4_sch_tb_isim_beh.wdb 
ISim O.87xd (signature 0x8ddf5b5d)
----------------------------------------------------------------------
INFO:Security:50 - The XILINXD_LICENSE_FILE environment variable is set to '2100@clive.csse.rose-hulman.edu'.
INFO:Security:53 - The LM_LICENSE_FILE environment variable is not set.
WARNING:Security:43 - No license file was found in the standard Xilinx license directory.
WARNING:Security:44 - Since no license file was found,
       please run the Xilinx License Configuration Manager
       (xlcm or "Manage Xilinx Licenses")
       to assist in obtaining a license.
WARNING:Security:42 - Your license support version '2014.12' for ISIM expires in 25 days after which you will not qualify for Xilinx software updates or new releases.


----------------------------------------------------------------------
This is a Full version of ISim.
WARNING: File "/home/doolansr/Documents/CSSE232_GIT/CSSE232_processor/Components/mux16b4_tf.v" Line 12.  For instance mux16b4_mux16b4_sch_tb/UUT/, width 2 of formal port S is not equal to width 3 of actual variable S. 
Time resolution is 1 ps
# onerror resume
# wave add /
# run 1000 ns
Simulator is doing circuit initialization process.
Finished circuit initialization process.
test A passes
test B passes
test C passes
test D passes
# exit 0
